<?xml version="1.0" encoding="UTF-8"?>
<testng-results ignored="0" total="2" passed="2" failed="0" skipped="0">
  <reporter-output>
  </reporter-output>
  <suite started-at="2021-05-17T22:54:28 IST" name="Suite" finished-at="2021-05-17T22:54:28 IST" duration-ms="107">
    <groups>
    </groups>
    <test started-at="2021-05-17T22:54:28 IST" name="Test" finished-at="2021-05-17T22:54:28 IST" duration-ms="107">
      <class name="projects.Practice2">
        <test-method signature="delete()[pri:0, instance:projects.Practice2@7d3a22a9]" started-at="2021-05-17T22:54:28 IST" name="delete" finished-at="2021-05-17T22:54:28 IST" duration-ms="17" status="PASS">
          <reporter-output>
          </reporter-output>
        </test-method> <!-- delete -->
      </class> <!-- projects.Practice2 -->
      <class name="projects.Practice1">
        <test-method signature="create()[pri:0, instance:projects.Practice1@1d082e88]" started-at="2021-05-17T22:54:28 IST" name="create" finished-at="2021-05-17T22:54:28 IST" duration-ms="4" status="PASS">
          <reporter-output>
          </reporter-output>
        </test-method> <!-- create -->
      </class> <!-- projects.Practice1 -->
    </test> <!-- Test -->
  </suite> <!-- Suite -->
</testng-results>
